<?xml version="1.0" encoding="UTF-8"?>
<!-- Generated by org.testng.reporters.JUnitReportReporter -->
<testsuite skipped="0" hostname="ritika-r" name="com.qa.tests.ExecutableClass_Testqa" tests="1" failures="0" timestamp="2020-08-18T16:03:20 IST" time="98.533" errors="0">
  <testcase name="ixigoTicketBookingTest" time="98.533" classname="com.qa.tests.ExecutableClass_Testqa"/>
  <system-out/>
</testsuite> <!-- com.qa.tests.ExecutableClass_Testqa -->
