<?xml version="1.0" encoding="UTF-8"?>
<!-- Generated by org.testng.reporters.JUnitReportReporter -->
<testsuite skipped="0" hostname="ritika-r" name="com.qa.tests.Testqa" tests="1" failures="0" timestamp="2020-07-17T01:28:50 IST" time="14.289" errors="0">
  <testcase name="ClickSignIn" time="14.289" classname="com.qa.tests.Testqa"/>
  <system-out/>
</testsuite> <!-- com.qa.tests.Testqa -->
