<?xml version="1.0" encoding="UTF-8"?>
<!-- Generated by org.testng.reporters.JUnitReportReporter -->
<testsuite skipped="0" hostname="ritika-r" name="com.qa.tests.ExecutableClass_Testqa" tests="1" failures="0" timestamp="2020-08-18T16:15:03 IST" time="100.306" errors="0">
  <testcase name="ixigoTicketBookingTest" time="100.306" classname="com.qa.tests.ExecutableClass_Testqa"/>
  <system-out/>
</testsuite> <!-- com.qa.tests.ExecutableClass_Testqa -->
