<?xml version="1.0" encoding="UTF-8"?>
<!-- Generated by org.testng.reporters.JUnitReportReporter -->
<testsuite skipped="0" hostname="ritika-r" name="com.qa.tests.Testqa" tests="1" failures="0" timestamp="2020-08-18T00:23:53 IST" time="90.046" errors="0">
  <testcase name="ixigoTicketBookingTest" time="90.046" classname="com.qa.tests.Testqa"/>
  <system-out/>
</testsuite> <!-- com.qa.tests.Testqa -->
